# JRE version: OpenJDK Runtime Environment Temurin-17.0.6+10 (17.0.6+10) (build 17.0.6+10)
# Java VM: OpenJDK 64-Bit Server VM Temurin-17.0.6+10 (17.0.6+10, mixed mode, tiered, compressed oops, compressed class ptrs, parallel gc, windows-amd64)
GC Precious Log:
 CPUs: 4 total, 4 available
 Memory: 1961M
 Large Page Support: Disabled
 NUMA Support: Disabled
 Compressed Oops: Enabled (32-bit)
 Alignments: Space 512K, Generation 512K, Heap 2M
 Heap Min Capacity: 100M
 Heap Initial Capacity: 100M
 Heap Max Capacity: 1G
 Pre-touch: Disabled
 Parallel Workers: 4
Heap:
 PSYoungGen      total 1536K, used 930K [0x00000000eab00000, 0x00000000eae00000, 0x0000000100000000)
  eden space 1024K, 64% used [0x00000000eab00000,0x00000000eaba4940,0x00000000eac00000)
  from space 512K, 53% used [0x00000000ead80000,0x00000000eadc4010,0x00000000eae00000)
  to   space 512K, 0% used [0x00000000ead00000,0x00000000ead00000,0x00000000ead80000)
 ParOldGen       total 141312K, used 141111K [0x00000000c0000000, 0x00000000c8a00000, 0x00000000eab00000)
  object space 141312K, 99% used [0x00000000c0000000,0x00000000c89cdf88,0x00000000c8a00000)
 Metaspace       used 84544K, committed 85696K, reserved 1130496K
  class space    used 8175K, committed 8704K, reserved 1048576K
GC Heap History (20 events):
Event: 58873.786 GC heap before
{Heap before GC invocations=7998 (full 231):
 PSYoungGen      total 1536K, used 1471K [0x00000000eab00000, 0x00000000eae00000, 0x0000000100000000)
  eden space 1024K, 99% used [0x00000000eab00000,0x00000000eabfffe8,0x00000000eac00000)
  from space 512K, 87% used [0x00000000ead80000,0x00000000eadf0000,0x00000000eae00000)
  to   space 1024K, 0% used [0x00000000eac00000,0x00000000eac00000,0x00000000ead00000)
 ParOldGen       total 141312K, used 139295K [0x00000000c0000000, 0x00000000c8a00000, 0x00000000eab00000)
  object space 141312K, 98% used [0x00000000c0000000,0x00000000c8807c20,0x00000000c8a00000)
 Metaspace       used 84510K, committed 85632K, reserved 1130496K
  class space    used 8173K, committed 8704K, reserved 1048576K
}
Event: 58873.815 GC heap after
{Heap after GC invocations=7998 (full 231):
 PSYoungGen      total 2048K, used 352K [0x00000000eab00000, 0x00000000eae00000, 0x0000000100000000)
  eden space 1024K, 0% used [0x00000000eab00000,0x00000000eab00000,0x00000000eac00000)
  from space 1024K, 34% used [0x00000000eac00000,0x00000000eac58000,0x00000000ead00000)
  to   space 512K, 0% used [0x00000000ead80000,0x00000000ead80000,0x00000000eae00000)
 ParOldGen       total 141312K, used 139671K [0x00000000c0000000, 0x00000000c8a00000, 0x00000000eab00000)
  object space 141312K, 98% used [0x00000000c0000000,0x00000000c8865c20,0x00000000c8a00000)
 Metaspace       used 84510K, committed 85632K, reserved 1130496K
  class space    used 8173K, committed 8704K, reserved 1048576K
}
Event: 58874.378 GC heap before
{Heap before GC invocations=7999 (full 231):
 PSYoungGen      total 2048K, used 1376K [0x00000000eab00000, 0x00000000eae00000, 0x0000000100000000)
  eden space 1024K, 100% used [0x00000000eab00000,0x00000000eac00000,0x00000000eac00000)
  from space 1024K, 34% used [0x00000000eac00000,0x00000000eac58000,0x00000000ead00000)
  to   space 512K, 0% used [0x00000000ead80000,0x00000000ead80000,0x00000000eae00000)
 ParOldGen       total 141312K, used 139671K [0x00000000c0000000, 0x00000000c8a00000, 0x00000000eab00000)
  object space 141312K, 98% used [0x00000000c0000000,0x00000000c8865c20,0x00000000c8a00000)
 Metaspace       used 84530K, committed 85696K, reserved 1130496K
  class space    used 8175K, committed 8704K, reserved 1048576K
}
Event: 58874.403 GC heap after
{Heap after GC invocations=7999 (full 231):
 PSYoungGen      total 1536K, used 224K [0x00000000eab00000, 0x00000000eae00000, 0x0000000100000000)
  eden space 1024K, 0% used [0x00000000eab00000,0x00000000eab00000,0x00000000eac00000)
  from space 512K, 43% used [0x00000000ead80000,0x00000000eadb8000,0x00000000eae00000)
  to   space 512K, 0% used [0x00000000ead00000,0x00000000ead00000,0x00000000ead80000)
 ParOldGen       total 141312K, used 139943K [0x00000000c0000000, 0x00000000c8a00000, 0x00000000eab00000)
  object space 141312K, 99% used [0x00000000c0000000,0x00000000c88a9c20,0x00000000c8a00000)
 Metaspace       used 84530K, committed 85696K, reserved 1130496K
  class space    used 8175K, committed 8704K, reserved 1048576K
}
Event: 58874.641 GC heap before
{Heap before GC invocations=8000 (full 231):
 PSYoungGen      total 1536K, used 1248K [0x00000000eab00000, 0x00000000eae00000, 0x0000000100000000)
  eden space 1024K, 100% used [0x00000000eab00000,0x00000000eac00000,0x00000000eac00000)
  from space 512K, 43% used [0x00000000ead80000,0x00000000eadb8000,0x00000000eae00000)
  to   space 512K, 0% used [0x00000000ead00000,0x00000000ead00000,0x00000000ead80000)
 ParOldGen       total 141312K, used 139943K [0x00000000c0000000, 0x00000000c8a00000, 0x00000000eab00000)
  object space 141312K, 99% used [0x00000000c0000000,0x00000000c88a9c20,0x00000000c8a00000)
 Metaspace       used 84531K, committed 85696K, reserved 1130496K
  class space    used 8175K, committed 8704K, reserved 1048576K
}
Event: 58874.658 GC heap after
{Heap after GC invocations=8000 (full 231):
 PSYoungGen      total 1536K, used 192K [0x00000000eab00000, 0x00000000eae00000, 0x0000000100000000)
  eden space 1024K, 0% used [0x00000000eab00000,0x00000000eab00000,0x00000000eac00000)
  from space 512K, 37% used [0x00000000ead00000,0x00000000ead30000,0x00000000ead80000)
  to   space 512K, 0% used [0x00000000ead80000,0x00000000ead80000,0x00000000eae00000)
 ParOldGen       total 141312K, used 140091K [0x00000000c0000000, 0x00000000c8a00000, 0x00000000eab00000)
  object space 141312K, 99% used [0x00000000c0000000,0x00000000c88cec60,0x00000000c8a00000)
 Metaspace       used 84531K, committed 85696K, reserved 1130496K
  class space    used 8175K, committed 8704K, reserved 1048576K
}
Event: 58875.143 GC heap before
{Heap before GC invocations=8001 (full 231):
 PSYoungGen      total 1536K, used 1216K [0x00000000eab00000, 0x00000000eae00000, 0x0000000100000000)
  eden space 1024K, 100% used [0x00000000eab00000,0x00000000eac00000,0x00000000eac00000)
  from space 512K, 37% used [0x00000000ead00000,0x00000000ead30000,0x00000000ead80000)
  to   space 512K, 0% used [0x00000000ead80000,0x00000000ead80000,0x00000000eae00000)
 ParOldGen       total 141312K, used 140091K [0x00000000c0000000, 0x00000000c8a00000, 0x00000000eab00000)
  object space 141312K, 99% used [0x00000000c0000000,0x00000000c88cec60,0x00000000c8a00000)
 Metaspace       used 84531K, committed 85696K, reserved 1130496K
  class space    used 8175K, committed 8704K, reserved 1048576K
}
Event: 58875.161 GC heap after
{Heap after GC invocations=8001 (full 231):
 PSYoungGen      total 1536K, used 288K [0x00000000eab00000, 0x00000000eae00000, 0x0000000100000000)
  eden space 1024K, 0% used [0x00000000eab00000,0x00000000eab00000,0x00000000eac00000)
  from space 512K, 56% used [0x00000000ead80000,0x00000000eadc8000,0x00000000eae00000)
  to   space 512K, 0% used [0x00000000ead00000,0x00000000ead00000,0x00000000ead80000)
 ParOldGen       total 141312K, used 140259K [0x00000000c0000000, 0x00000000c8a00000, 0x00000000eab00000)
  object space 141312K, 99% used [0x00000000c0000000,0x00000000c88f8c60,0x00000000c8a00000)
 Metaspace       used 84531K, committed 85696K, reserved 1130496K
  class space    used 8175K, committed 8704K, reserved 1048576K
}
Event: 58875.496 GC heap before
{Heap before GC invocations=8002 (full 231):
 PSYoungGen      total 1536K, used 1312K [0x00000000eab00000, 0x00000000eae00000, 0x0000000100000000)
  eden space 1024K, 100% used [0x00000000eab00000,0x00000000eac00000,0x00000000eac00000)
  from space 512K, 56% used [0x00000000ead80000,0x00000000eadc8000,0x00000000eae00000)
  to   space 512K, 0% used [0x00000000ead00000,0x00000000ead00000,0x00000000ead80000)
 ParOldGen       total 141312K, used 140259K [0x00000000c0000000, 0x00000000c8a00000, 0x00000000eab00000)
  object space 141312K, 99% used [0x00000000c0000000,0x00000000c88f8c60,0x00000000c8a00000)
 Metaspace       used 84540K, committed 85696K, reserved 1130496K
  class space    used 8175K, committed 8704K, reserved 1048576K
}
Event: 58875.508 GC heap after
{Heap after GC invocations=8002 (full 231):
 PSYoungGen      total 1536K, used 320K [0x00000000eab00000, 0x00000000eae00000, 0x0000000100000000)
  eden space 1024K, 0% used [0x00000000eab00000,0x00000000eab00000,0x00000000eac00000)
  from space 512K, 62% used [0x00000000ead00000,0x00000000ead50000,0x00000000ead80000)
  to   space 512K, 0% used [0x00000000ead80000,0x00000000ead80000,0x00000000eae00000)
 ParOldGen       total 141312K, used 140503K [0x00000000c0000000, 0x00000000c8a00000, 0x00000000eab00000)
  object space 141312K, 99% used [0x00000000c0000000,0x00000000c8935f88,0x00000000c8a00000)
 Metaspace       used 84540K, committed 85696K, reserved 1130496K
  class space    used 8175K, committed 8704K, reserved 1048576K
}
Event: 58876.028 GC heap before
{Heap before GC invocations=8003 (full 231):
 PSYoungGen      total 1536K, used 1343K [0x00000000eab00000, 0x00000000eae00000, 0x0000000100000000)
  eden space 1024K, 99% used [0x00000000eab00000,0x00000000eabfffe8,0x00000000eac00000)
  from space 512K, 62% used [0x00000000ead00000,0x00000000ead50000,0x00000000ead80000)
  to   space 512K, 0% used [0x00000000ead80000,0x00000000ead80000,0x00000000eae00000)
 ParOldGen       total 141312K, used 140503K [0x00000000c0000000, 0x00000000c8a00000, 0x00000000eab00000)
  object space 141312K, 99% used [0x00000000c0000000,0x00000000c8935f88,0x00000000c8a00000)
 Metaspace       used 84543K, committed 85696K, reserved 1130496K
  class space    used 8175K, committed 8704K, reserved 1048576K
}
Event: 58876.060 GC heap after
{Heap after GC invocations=8003 (full 231):
 PSYoungGen      total 1536K, used 224K [0x00000000eab00000, 0x00000000eae00000, 0x0000000100000000)
  eden space 1024K, 0% used [0x00000000eab00000,0x00000000eab00000,0x00000000eac00000)
  from space 512K, 43% used [0x00000000ead80000,0x00000000eadb8000,0x00000000eae00000)
  to   space 512K, 0% used [0x00000000ead00000,0x00000000ead00000,0x00000000ead80000)
 ParOldGen       total 141312K, used 140775K [0x00000000c0000000, 0x00000000c8a00000, 0x00000000eab00000)
  object space 141312K, 99% used [0x00000000c0000000,0x00000000c8979f88,0x00000000c8a00000)
 Metaspace       used 84543K, committed 85696K, reserved 1130496K
  class space    used 8175K, committed 8704K, reserved 1048576K
}
Event: 58876.347 GC heap before
{Heap before GC invocations=8004 (full 231):
 PSYoungGen      total 1536K, used 1247K [0x00000000eab00000, 0x00000000eae00000, 0x0000000100000000)
  eden space 1024K, 99% used [0x00000000eab00000,0x00000000eabffc30,0x00000000eac00000)
  from space 512K, 43% used [0x00000000ead80000,0x00000000eadb8000,0x00000000eae00000)
  to   space 512K, 0% used [0x00000000ead00000,0x00000000ead00000,0x00000000ead80000)
 ParOldGen       total 141312K, used 140775K [0x00000000c0000000, 0x00000000c8a00000, 0x00000000eab00000)
  object space 141312K, 99% used [0x00000000c0000000,0x00000000c8979f88,0x00000000c8a00000)
 Metaspace       used 84543K, committed 85696K, reserved 1130496K
  class space    used 8175K, committed 8704K, reserved 1048576K
}
Event: 58876.371 GC heap after
{Heap after GC invocations=8004 (full 231):
 PSYoungGen      total 1536K, used 192K [0x00000000eab00000, 0x00000000eae00000, 0x0000000100000000)
  eden space 1024K, 0% used [0x00000000eab00000,0x00000000eab00000,0x00000000eac00000)
  from space 512K, 37% used [0x00000000ead00000,0x00000000ead30000,0x00000000ead80000)
  to   space 512K, 0% used [0x00000000ead80000,0x00000000ead80000,0x00000000eae00000)
 ParOldGen       total 141312K, used 140919K [0x00000000c0000000, 0x00000000c8a00000, 0x00000000eab00000)
  object space 141312K, 99% used [0x00000000c0000000,0x00000000c899df88,0x00000000c8a00000)
 Metaspace       used 84543K, committed 85696K, reserved 1130496K
  class space    used 8175K, committed 8704K, reserved 1048576K
}
Event: 58876.527 GC heap before
{Heap before GC invocations=8005 (full 231):
 PSYoungGen      total 1536K, used 1212K [0x00000000eab00000, 0x00000000eae00000, 0x0000000100000000)
  eden space 1024K, 99% used [0x00000000eab00000,0x00000000eabff298,0x00000000eac00000)
  from space 512K, 37% used [0x00000000ead00000,0x00000000ead30000,0x00000000ead80000)
  to   space 512K, 0% used [0x00000000ead80000,0x00000000ead80000,0x00000000eae00000)
 ParOldGen       total 141312K, used 140919K [0x00000000c0000000, 0x00000000c8a00000, 0x00000000eab00000)
  object space 141312K, 99% used [0x00000000c0000000,0x00000000c899df88,0x00000000c8a00000)
 Metaspace       used 84544K, committed 85696K, reserved 1130496K
  class space    used 8175K, committed 8704K, reserved 1048576K
}
Event: 58876.577 GC heap after
{Heap after GC invocations=8005 (full 231):
 PSYoungGen      total 1536K, used 128K [0x00000000eab00000, 0x00000000eae00000, 0x0000000100000000)
  eden space 1024K, 0% used [0x00000000eab00000,0x00000000eab00000,0x00000000eac00000)
  from space 512K, 25% used [0x00000000ead80000,0x00000000eada0000,0x00000000eae00000)
  to   space 512K, 0% used [0x00000000ead00000,0x00000000ead00000,0x00000000ead80000)
 ParOldGen       total 141312K, used 141015K [0x00000000c0000000, 0x00000000c8a00000, 0x00000000eab00000)
  object space 141312K, 99% used [0x00000000c0000000,0x00000000c89b5f88,0x00000000c8a00000)
 Metaspace       used 84544K, committed 85696K, reserved 1130496K
  class space    used 8175K, committed 8704K, reserved 1048576K
}
Event: 58876.959 GC heap before
{Heap before GC invocations=8006 (full 231):
 PSYoungGen      total 1536K, used 1152K [0x00000000eab00000, 0x00000000eae00000, 0x0000000100000000)
  eden space 1024K, 100% used [0x00000000eab00000,0x00000000eac00000,0x00000000eac00000)
  from space 512K, 25% used [0x00000000ead80000,0x00000000eada0000,0x00000000eae00000)
  to   space 512K, 0% used [0x00000000ead00000,0x00000000ead00000,0x00000000ead80000)
 ParOldGen       total 141312K, used 141015K [0x00000000c0000000, 0x00000000c8a00000, 0x00000000eab00000)
  object space 141312K, 99% used [0x00000000c0000000,0x00000000c89b5f88,0x00000000c8a00000)
 Metaspace       used 84544K, committed 85696K, reserved 1130496K
  class space    used 8175K, committed 8704K, reserved 1048576K
}
Event: 58876.962 GC heap after
{Heap after GC invocations=8006 (full 231):
 PSYoungGen      total 1536K, used 160K [0x00000000eab00000, 0x00000000eae00000, 0x0000000100000000)
  eden space 1024K, 0% used [0x00000000eab00000,0x00000000eab00000,0x00000000eac00000)
  from space 512K, 31% used [0x00000000ead00000,0x00000000ead28000,0x00000000ead80000)
  to   space 512K, 0% used [0x00000000ead80000,0x00000000ead80000,0x00000000eae00000)
 ParOldGen       total 141312K, used 141039K [0x00000000c0000000, 0x00000000c8a00000, 0x00000000eab00000)
  object space 141312K, 99% used [0x00000000c0000000,0x00000000c89bbf88,0x00000000c8a00000)
 Metaspace       used 84544K, committed 85696K, reserved 1130496K
  class space    used 8175K, committed 8704K, reserved 1048576K
}
Event: 58877.162 GC heap before
{Heap before GC invocations=8007 (full 231):
 PSYoungGen      total 1536K, used 1184K [0x00000000eab00000, 0x00000000eae00000, 0x0000000100000000)
  eden space 1024K, 100% used [0x00000000eab00000,0x00000000eac00000,0x00000000eac00000)
  from space 512K, 31% used [0x00000000ead00000,0x00000000ead28000,0x00000000ead80000)
  to   space 512K, 0% used [0x00000000ead80000,0x00000000ead80000,0x00000000eae00000)
 ParOldGen       total 141312K, used 141039K [0x00000000c0000000, 0x00000000c8a00000, 0x00000000eab00000)
  object space 141312K, 99% used [0x00000000c0000000,0x00000000c89bbf88,0x00000000c8a00000)
 Metaspace       used 84544K, committed 85696K, reserved 1130496K
  class space    used 8175K, committed 8704K, reserved 1048576K
}
Event: 58877.248 GC heap after
{Heap after GC invocations=8007 (full 231):
 PSYoungGen      total 1536K, used 272K [0x00000000eab00000, 0x00000000eae00000, 0x0000000100000000)
  eden space 1024K, 0% used [0x00000000eab00000,0x00000000eab00000,0x00000000eac00000)
  from space 512K, 53% used [0x00000000ead80000,0x00000000eadc4010,0x00000000eae00000)
  to   space 512K, 0% used [0x00000000ead00000,0x00000000ead00000,0x00000000ead80000)
 ParOldGen       total 141312K, used 141111K [0x00000000c0000000, 0x00000000c8a00000, 0x00000000eab00000)
  object space 141312K, 99% used [0x00000000c0000000,0x00000000c89cdf88,0x00000000c8a00000)
 Metaspace       used 84544K, committed 85696K, reserved 1130496K
  class space    used 8175K, committed 8704K, reserved 1048576K
}

