# JRE version: OpenJDK Runtime Environment Temurin-17.0.6+10 (17.0.6+10) (build 17.0.6+10)
# Java VM: OpenJDK 64-Bit Server VM Temurin-17.0.6+10 (17.0.6+10, mixed mode, tiered, compressed oops, compressed class ptrs, parallel gc, windows-amd64)
GC Precious Log:
 CPUs: 4 total, 4 available
 Memory: 1961M
 Large Page Support: Disabled
 NUMA Support: Disabled
 Compressed Oops: Enabled (32-bit)
 Alignments: Space 512K, Generation 512K, Heap 2M
 Heap Min Capacity: 100M
 Heap Initial Capacity: 100M
 Heap Max Capacity: 1G
 Pre-touch: Disabled
 Parallel Workers: 4
Heap:
 PSYoungGen      total 6144K, used 2672K [0x00000000eab00000, 0x00000000eb500000, 0x0000000100000000)
  eden space 4608K, 40% used [0x00000000eab00000,0x00000000eacd8050,0x00000000eaf80000)
  from space 1536K, 51% used [0x00000000eb200000,0x00000000eb2c4010,0x00000000eb380000)
  to   space 1024K, 0% used [0x00000000eb400000,0x00000000eb400000,0x00000000eb500000)
 ParOldGen       total 258048K, used 251841K [0x00000000c0000000, 0x00000000cfc00000, 0x00000000eab00000)
  object space 258048K, 97% used [0x00000000c0000000,0x00000000cf5f06d0,0x00000000cfc00000)
 Metaspace       used 82094K, committed 83264K, reserved 1130496K
  class space    used 8235K, committed 8768K, reserved 1048576K
GC Heap History (20 events):
Event: 2548.367 GC heap before
{Heap before GC invocations=2818 (full 51):
 PSYoungGen      total 3072K, used 2770K [0x00000000eab00000, 0x00000000eb100000, 0x0000000100000000)
  eden space 1536K, 85% used [0x00000000eab00000,0x00000000eac46768,0x00000000eac80000)
  from space 1536K, 95% used [0x00000000eac80000,0x00000000eadee200,0x00000000eae00000)
  to   space 2048K, 0% used [0x00000000eaf00000,0x00000000eaf00000,0x00000000eb100000)
 ParOldGen       total 258048K, used 240291K [0x00000000c0000000, 0x00000000cfc00000, 0x00000000eab00000)
  object space 258048K, 93% used [0x00000000c0000000,0x00000000ceaa8e00,0x00000000cfc00000)
 Metaspace       used 82082K, committed 83200K, reserved 1130496K
  class space    used 8235K, committed 8768K, reserved 1048576K
}
Event: 2548.373 GC heap after
{Heap after GC invocations=2818 (full 51):
 PSYoungGen      total 3584K, used 1064K [0x00000000eab00000, 0x00000000eb080000, 0x0000000100000000)
  eden space 2048K, 0% used [0x00000000eab00000,0x00000000eab00000,0x00000000ead00000)
  from space 1536K, 69% used [0x00000000eaf00000,0x00000000eb00a000,0x00000000eb080000)
  to   space 1536K, 0% used [0x00000000ead80000,0x00000000ead80000,0x00000000eaf00000)
 ParOldGen       total 258048K, used 241667K [0x00000000c0000000, 0x00000000cfc00000, 0x00000000eab00000)
  object space 258048K, 93% used [0x00000000c0000000,0x00000000cec00e00,0x00000000cfc00000)
 Metaspace       used 82082K, committed 83200K, reserved 1130496K
  class space    used 8235K, committed 8768K, reserved 1048576K
}
Event: 2548.425 GC heap before
{Heap before GC invocations=2819 (full 51):
 PSYoungGen      total 3584K, used 3112K [0x00000000eab00000, 0x00000000eb080000, 0x0000000100000000)
  eden space 2048K, 100% used [0x00000000eab00000,0x00000000ead00000,0x00000000ead00000)
  from space 1536K, 69% used [0x00000000eaf00000,0x00000000eb00a000,0x00000000eb080000)
  to   space 1536K, 0% used [0x00000000ead80000,0x00000000ead80000,0x00000000eaf00000)
 ParOldGen       total 258048K, used 241667K [0x00000000c0000000, 0x00000000cfc00000, 0x00000000eab00000)
  object space 258048K, 93% used [0x00000000c0000000,0x00000000cec00e00,0x00000000cfc00000)
 Metaspace       used 82082K, committed 83200K, reserved 1130496K
  class space    used 8235K, committed 8768K, reserved 1048576K
}
Event: 2548.432 GC heap after
{Heap after GC invocations=2819 (full 51):
 PSYoungGen      total 4096K, used 1518K [0x00000000eab00000, 0x00000000eb380000, 0x0000000100000000)
  eden space 2560K, 0% used [0x00000000eab00000,0x00000000eab00000,0x00000000ead80000)
  from space 1536K, 98% used [0x00000000ead80000,0x00000000eaefb940,0x00000000eaf00000)
  to   space 3072K, 0% used [0x00000000eb080000,0x00000000eb080000,0x00000000eb380000)
 ParOldGen       total 258048K, used 242787K [0x00000000c0000000, 0x00000000cfc00000, 0x00000000eab00000)
  object space 258048K, 94% used [0x00000000c0000000,0x00000000ced18e00,0x00000000cfc00000)
 Metaspace       used 82082K, committed 83200K, reserved 1130496K
  class space    used 8235K, committed 8768K, reserved 1048576K
}
Event: 2548.453 GC heap before
{Heap before GC invocations=2820 (full 51):
 PSYoungGen      total 4096K, used 4078K [0x00000000eab00000, 0x00000000eb380000, 0x0000000100000000)
  eden space 2560K, 100% used [0x00000000eab00000,0x00000000ead80000,0x00000000ead80000)
  from space 1536K, 98% used [0x00000000ead80000,0x00000000eaefb940,0x00000000eaf00000)
  to   space 3072K, 0% used [0x00000000eb080000,0x00000000eb080000,0x00000000eb380000)
 ParOldGen       total 258048K, used 242787K [0x00000000c0000000, 0x00000000cfc00000, 0x00000000eab00000)
  object space 258048K, 94% used [0x00000000c0000000,0x00000000ced18e00,0x00000000cfc00000)
 Metaspace       used 82082K, committed 83200K, reserved 1130496K
  class space    used 8235K, committed 8768K, reserved 1048576K
}
Event: 2548.463 GC heap after
{Heap after GC invocations=2820 (full 51):
 PSYoungGen      total 5632K, used 2440K [0x00000000eab00000, 0x00000000eb300000, 0x0000000100000000)
  eden space 3072K, 0% used [0x00000000eab00000,0x00000000eab00000,0x00000000eae00000)
  from space 2560K, 95% used [0x00000000eb080000,0x00000000eb2e2000,0x00000000eb300000)
  to   space 2560K, 0% used [0x00000000eae00000,0x00000000eae00000,0x00000000eb080000)
 ParOldGen       total 258048K, used 244321K [0x00000000c0000000, 0x00000000cfc00000, 0x00000000eab00000)
  object space 258048K, 94% used [0x00000000c0000000,0x00000000cee98740,0x00000000cfc00000)
 Metaspace       used 82082K, committed 83200K, reserved 1130496K
  class space    used 8235K, committed 8768K, reserved 1048576K
}
Event: 2548.677 GC heap before
{Heap before GC invocations=2821 (full 51):
 PSYoungGen      total 5632K, used 5512K [0x00000000eab00000, 0x00000000eb300000, 0x0000000100000000)
  eden space 3072K, 100% used [0x00000000eab00000,0x00000000eae00000,0x00000000eae00000)
  from space 2560K, 95% used [0x00000000eb080000,0x00000000eb2e2000,0x00000000eb300000)
  to   space 2560K, 0% used [0x00000000eae00000,0x00000000eae00000,0x00000000eb080000)
 ParOldGen       total 258048K, used 244321K [0x00000000c0000000, 0x00000000cfc00000, 0x00000000eab00000)
  object space 258048K, 94% used [0x00000000c0000000,0x00000000cee98740,0x00000000cfc00000)
 Metaspace       used 82082K, committed 83200K, reserved 1130496K
  class space    used 8235K, committed 8768K, reserved 1048576K
}
Event: 2548.687 GC heap after
{Heap after GC invocations=2821 (full 51):
 PSYoungGen      total 5632K, used 976K [0x00000000eab00000, 0x00000000eb200000, 0x0000000100000000)
  eden space 3072K, 0% used [0x00000000eab00000,0x00000000eab00000,0x00000000eae00000)
  from space 2560K, 38% used [0x00000000eae00000,0x00000000eaef4000,0x00000000eb080000)
  to   space 1536K, 0% used [0x00000000eb080000,0x00000000eb080000,0x00000000eb200000)
 ParOldGen       total 258048K, used 246545K [0x00000000c0000000, 0x00000000cfc00000, 0x00000000eab00000)
  object space 258048K, 95% used [0x00000000c0000000,0x00000000cf0c4740,0x00000000cfc00000)
 Metaspace       used 82082K, committed 83200K, reserved 1130496K
  class space    used 8235K, committed 8768K, reserved 1048576K
}
Event: 2559.199 GC heap before
{Heap before GC invocations=2822 (full 51):
 PSYoungGen      total 5632K, used 4048K [0x00000000eab00000, 0x00000000eb200000, 0x0000000100000000)
  eden space 3072K, 100% used [0x00000000eab00000,0x00000000eae00000,0x00000000eae00000)
  from space 2560K, 38% used [0x00000000eae00000,0x00000000eaef4000,0x00000000eb080000)
  to   space 1536K, 0% used [0x00000000eb080000,0x00000000eb080000,0x00000000eb200000)
 ParOldGen       total 258048K, used 246545K [0x00000000c0000000, 0x00000000cfc00000, 0x00000000eab00000)
  object space 258048K, 95% used [0x00000000c0000000,0x00000000cf0c4740,0x00000000cfc00000)
 Metaspace       used 82092K, committed 83264K, reserved 1130496K
  class space    used 8235K, committed 8768K, reserved 1048576K
}
Event: 2559.205 GC heap after
{Heap after GC invocations=2822 (full 51):
 PSYoungGen      total 4096K, used 975K [0x00000000eab00000, 0x00000000eb180000, 0x0000000100000000)
  eden space 3072K, 0% used [0x00000000eab00000,0x00000000eab00000,0x00000000eae00000)
  from space 1024K, 95% used [0x00000000eb080000,0x00000000eb173c30,0x00000000eb180000)
  to   space 1536K, 0% used [0x00000000eae80000,0x00000000eae80000,0x00000000eb000000)
 ParOldGen       total 258048K, used 247526K [0x00000000c0000000, 0x00000000cfc00000, 0x00000000eab00000)
  object space 258048K, 95% used [0x00000000c0000000,0x00000000cf1b9be0,0x00000000cfc00000)
 Metaspace       used 82092K, committed 83264K, reserved 1130496K
  class space    used 8235K, committed 8768K, reserved 1048576K
}
Event: 2559.220 GC heap before
{Heap before GC invocations=2823 (full 51):
 PSYoungGen      total 4096K, used 4047K [0x00000000eab00000, 0x00000000eb180000, 0x0000000100000000)
  eden space 3072K, 100% used [0x00000000eab00000,0x00000000eae00000,0x00000000eae00000)
  from space 1024K, 95% used [0x00000000eb080000,0x00000000eb173c30,0x00000000eb180000)
  to   space 1536K, 0% used [0x00000000eae80000,0x00000000eae80000,0x00000000eb000000)
 ParOldGen       total 258048K, used 247526K [0x00000000c0000000, 0x00000000cfc00000, 0x00000000eab00000)
  object space 258048K, 95% used [0x00000000c0000000,0x00000000cf1b9be0,0x00000000cfc00000)
 Metaspace       used 82092K, committed 83264K, reserved 1130496K
  class space    used 8235K, committed 8768K, reserved 1048576K
}
Event: 2559.229 GC heap after
{Heap after GC invocations=2823 (full 51):
 PSYoungGen      total 5120K, used 1536K [0x00000000eab00000, 0x00000000eb800000, 0x0000000100000000)
  eden space 3584K, 0% used [0x00000000eab00000,0x00000000eab00000,0x00000000eae80000)
  from space 1536K, 100% used [0x00000000eae80000,0x00000000eb000000,0x00000000eb000000)
  to   space 4608K, 0% used [0x00000000eb380000,0x00000000eb380000,0x00000000eb800000)
 ParOldGen       total 258048K, used 249843K [0x00000000c0000000, 0x00000000cfc00000, 0x00000000eab00000)
  object space 258048K, 96% used [0x00000000c0000000,0x00000000cf3fcc90,0x00000000cfc00000)
 Metaspace       used 82092K, committed 83264K, reserved 1130496K
  class space    used 8235K, committed 8768K, reserved 1048576K
}
Event: 2559.246 GC heap before
{Heap before GC invocations=2824 (full 51):
 PSYoungGen      total 5120K, used 5120K [0x00000000eab00000, 0x00000000eb800000, 0x0000000100000000)
  eden space 3584K, 100% used [0x00000000eab00000,0x00000000eae80000,0x00000000eae80000)
  from space 1536K, 100% used [0x00000000eae80000,0x00000000eb000000,0x00000000eb000000)
  to   space 4608K, 0% used [0x00000000eb380000,0x00000000eb380000,0x00000000eb800000)
 ParOldGen       total 258048K, used 249843K [0x00000000c0000000, 0x00000000cfc00000, 0x00000000eab00000)
  object space 258048K, 96% used [0x00000000c0000000,0x00000000cf3fcc90,0x00000000cfc00000)
 Metaspace       used 82094K, committed 83264K, reserved 1130496K
  class space    used 8235K, committed 8768K, reserved 1048576K
}
Event: 2559.255 GC heap after
{Heap after GC invocations=2824 (full 51):
 PSYoungGen      total 8704K, used 3599K [0x00000000eab00000, 0x00000000eb780000, 0x0000000100000000)
  eden space 4608K, 0% used [0x00000000eab00000,0x00000000eab00000,0x00000000eaf80000)
  from space 4096K, 87% used [0x00000000eb380000,0x00000000eb703c30,0x00000000eb780000)
  to   space 4096K, 0% used [0x00000000eaf80000,0x00000000eaf80000,0x00000000eb380000)
 ParOldGen       total 258048K, used 251395K [0x00000000c0000000, 0x00000000cfc00000, 0x00000000eab00000)
  object space 258048K, 97% used [0x00000000c0000000,0x00000000cf580c90,0x00000000cfc00000)
 Metaspace       used 82094K, committed 83264K, reserved 1130496K
  class space    used 8235K, committed 8768K, reserved 1048576K
}
Event: 2559.275 GC heap before
{Heap before GC invocations=2825 (full 51):
 PSYoungGen      total 8704K, used 8207K [0x00000000eab00000, 0x00000000eb780000, 0x0000000100000000)
  eden space 4608K, 100% used [0x00000000eab00000,0x00000000eaf80000,0x00000000eaf80000)
  from space 4096K, 87% used [0x00000000eb380000,0x00000000eb703c30,0x00000000eb780000)
  to   space 4096K, 0% used [0x00000000eaf80000,0x00000000eaf80000,0x00000000eb380000)
 ParOldGen       total 258048K, used 251395K [0x00000000c0000000, 0x00000000cfc00000, 0x00000000eab00000)
  object space 258048K, 97% used [0x00000000c0000000,0x00000000cf580c90,0x00000000cfc00000)
 Metaspace       used 82094K, committed 83264K, reserved 1130496K
  class space    used 8235K, committed 8768K, reserved 1048576K
}
Event: 2559.283 GC heap after
{Heap after GC invocations=2825 (full 51):
 PSYoungGen      total 8704K, used 3727K [0x00000000eab00000, 0x00000000eb880000, 0x0000000100000000)
  eden space 4608K, 0% used [0x00000000eab00000,0x00000000eab00000,0x00000000eaf80000)
  from space 4096K, 90% used [0x00000000eaf80000,0x00000000eb323c30,0x00000000eb380000)
  to   space 4096K, 0% used [0x00000000eb480000,0x00000000eb480000,0x00000000eb880000)
 ParOldGen       total 258048K, used 251547K [0x00000000c0000000, 0x00000000cfc00000, 0x00000000eab00000)
  object space 258048K, 97% used [0x00000000c0000000,0x00000000cf5a6c90,0x00000000cfc00000)
 Metaspace       used 82094K, committed 83264K, reserved 1130496K
  class space    used 8235K, committed 8768K, reserved 1048576K
}
Event: 2573.792 GC heap before
{Heap before GC invocations=2826 (full 51):
 PSYoungGen      total 8704K, used 8335K [0x00000000eab00000, 0x00000000eb880000, 0x0000000100000000)
  eden space 4608K, 100% used [0x00000000eab00000,0x00000000eaf80000,0x00000000eaf80000)
  from space 4096K, 90% used [0x00000000eaf80000,0x00000000eb323c30,0x00000000eb380000)
  to   space 4096K, 0% used [0x00000000eb480000,0x00000000eb480000,0x00000000eb880000)
 ParOldGen       total 258048K, used 251547K [0x00000000c0000000, 0x00000000cfc00000, 0x00000000eab00000)
  object space 258048K, 97% used [0x00000000c0000000,0x00000000cf5a6c90,0x00000000cfc00000)
 Metaspace       used 82094K, committed 83264K, reserved 1130496K
  class space    used 8235K, committed 8768K, reserved 1048576K
}
Event: 2573.804 GC heap after
{Heap after GC invocations=2826 (full 51):
 PSYoungGen      total 5120K, used 96K [0x00000000eab00000, 0x00000000eb500000, 0x0000000100000000)
  eden space 4608K, 0% used [0x00000000eab00000,0x00000000eab00000,0x00000000eaf80000)
  from space 512K, 18% used [0x00000000eb480000,0x00000000eb498000,0x00000000eb500000)
  to   space 1536K, 0% used [0x00000000eb200000,0x00000000eb200000,0x00000000eb380000)
 ParOldGen       total 258048K, used 251825K [0x00000000c0000000, 0x00000000cfc00000, 0x00000000eab00000)
  object space 258048K, 97% used [0x00000000c0000000,0x00000000cf5ec6d0,0x00000000cfc00000)
 Metaspace       used 82094K, committed 83264K, reserved 1130496K
  class space    used 8235K, committed 8768K, reserved 1048576K
}
Event: 2574.146 GC heap before
{Heap before GC invocations=2827 (full 51):
 PSYoungGen      total 5120K, used 4704K [0x00000000eab00000, 0x00000000eb500000, 0x0000000100000000)
  eden space 4608K, 100% used [0x00000000eab00000,0x00000000eaf80000,0x00000000eaf80000)
  from space 512K, 18% used [0x00000000eb480000,0x00000000eb498000,0x00000000eb500000)
  to   space 1536K, 0% used [0x00000000eb200000,0x00000000eb200000,0x00000000eb380000)
 ParOldGen       total 258048K, used 251825K [0x00000000c0000000, 0x00000000cfc00000, 0x00000000eab00000)
  object space 258048K, 97% used [0x00000000c0000000,0x00000000cf5ec6d0,0x00000000cfc00000)
 Metaspace       used 82094K, committed 83264K, reserved 1130496K
  class space    used 8235K, committed 8768K, reserved 1048576K
}
Event: 2574.151 GC heap after
{Heap after GC invocations=2827 (full 51):
 PSYoungGen      total 6144K, used 784K [0x00000000eab00000, 0x00000000eb500000, 0x0000000100000000)
  eden space 4608K, 0% used [0x00000000eab00000,0x00000000eab00000,0x00000000eaf80000)
  from space 1536K, 51% used [0x00000000eb200000,0x00000000eb2c4010,0x00000000eb380000)
  to   space 1024K, 0% used [0x00000000eb400000,0x00000000eb400000,0x00000000eb500000)
 ParOldGen       total 258048K, used 251841K [0x00000000c0000000, 0x00000000cfc00000, 0x00000000eab00000)
  object space 258048K, 97% used [0x00000000c0000000,0x00000000cf5f06d0,0x00000000cfc00000)
 Metaspace       used 82094K, committed 83264K, reserved 1130496K
  class space    used 8235K, committed 8768K, reserved 1048576K
}

